Using pre-set license
Built from '2022.3/staging' branch; Version is '2022.3.8f1 (b5eafc012955) revision 11922172'; Using compiler version '192829333'; Build Type 'Release'
OS: 'Windows 11  (10.0.22621) 64bit CoreSingleLanguage' Language: 'es' Physical Memory: 7549 MB
BatchMode: 1, IsHumanControllingUs: 0, StartBugReporterOnCrash: 0, Is64bit: 1, IsPro: 1

COMMAND LINE ARGUMENTS:
C:\Program Files\Unity 2022.3.8f1\Editor\Unity.exe
-adb2
-batchMode
-noUpm
-name
AssetImportWorker0
-projectPath
C:/Users/Leonel/Desktop/theCoconutsMonkey/TMC-Videogame/TMC-Videogame
-logFile
Logs/AssetImportWorker0.log
-srvPort
4148
Successfully changed project path to: C:/Users/Leonel/Desktop/theCoconutsMonkey/TMC-Videogame/TMC-Videogame
C:/Users/Leonel/Desktop/theCoconutsMonkey/TMC-Videogame/TMC-Videogame
[UnityMemory] Configuration Parameters - Can be set up in boot.config
    "memorysetup-bucket-allocator-granularity=16"
    "memorysetup-bucket-allocator-bucket-count=8"
    "memorysetup-bucket-allocator-block-size=33554432"
    "memorysetup-bucket-allocator-block-count=8"
    "memorysetup-main-allocator-block-size=16777216"
    "memorysetup-thread-allocator-block-size=16777216"
    "memorysetup-gfx-main-allocator-block-size=16777216"
    "memorysetup-gfx-thread-allocator-block-size=16777216"
    "memorysetup-cache-allocator-block-size=4194304"
    "memorysetup-typetree-allocator-block-size=2097152"
    "memorysetup-profiler-bucket-allocator-granularity=16"
    "memorysetup-profiler-bucket-allocator-bucket-count=8"
    "memorysetup-profiler-bucket-allocator-block-size=33554432"
    "memorysetup-profiler-bucket-allocator-block-count=8"
    "memorysetup-profiler-allocator-block-size=16777216"
    "memorysetup-profiler-editor-allocator-block-size=1048576"
    "memorysetup-temp-allocator-size-main=16777216"
    "memorysetup-job-temp-allocator-block-size=2097152"
    "memorysetup-job-temp-allocator-block-size-background=1048576"
    "memorysetup-job-temp-allocator-reduction-small-platforms=262144"
    "memorysetup-allocator-temp-initial-block-size-main=262144"
    "memorysetup-allocator-temp-initial-block-size-worker=262144"
    "memorysetup-temp-allocator-size-background-worker=32768"
    "memorysetup-temp-allocator-size-job-worker=262144"
    "memorysetup-temp-allocator-size-preload-manager=33554432"
    "memorysetup-temp-allocator-size-nav-mesh-worker=65536"
    "memorysetup-temp-allocator-size-audio-worker=65536"
    "memorysetup-temp-allocator-size-cloud-worker=32768"
    "memorysetup-temp-allocator-size-gi-baking-worker=262144"
    "memorysetup-temp-allocator-size-gfx=262144"
Player connection [12396] Host "[IP] 192.168.1.68 [Port] 0 [Flags] 2 [Guid] 2907485353 [EditorId] 2907485353 [Version] 1048832 [Id] WindowsEditor(7,DESKTOP-PE1URAK) [Debug] 1 [PackageName] WindowsEditor [ProjectName] Editor" joined multi-casting on [225.0.0.222:54997]...

Player connection [12396] Host "[IP] 192.168.1.68 [Port] 0 [Flags] 2 [Guid] 2907485353 [EditorId] 2907485353 [Version] 1048832 [Id] WindowsEditor(7,DESKTOP-PE1URAK) [Debug] 1 [PackageName] WindowsEditor [ProjectName] Editor" joined alternative multi-casting on [225.0.0.222:34997]...

[Physics::Module] Initialized MultithreadedJobDispatcher with 11 workers.
Refreshing native plugins compatible for Editor in 9.88 ms, found 3 plugins.
Preloading 0 native plugins for Editor in 0.00 ms.
Initialize engine version: 2022.3.8f1 (b5eafc012955)
[Subsystems] Discovering subsystems at path C:/Program Files/Unity 2022.3.8f1/Editor/Data/Resources/UnitySubsystems
[Subsystems] Discovering subsystems at path C:/Users/Leonel/Desktop/theCoconutsMonkey/TMC-Videogame/TMC-Videogame/Assets
GfxDevice: creating device client; threaded=0; jobified=0
Direct3D:
    Version:  Direct3D 11.0 [level 11.1]
    Renderer: AMD Radeon(TM) Graphics (ID=0x1636)
    Vendor:   ATI
    VRAM:     3774 MB
    Driver:   27.20.11022.14001
Initialize mono
Mono path[0] = 'C:/Program Files/Unity 2022.3.8f1/Editor/Data/Managed'
Mono path[1] = 'C:/Program Files/Unity 2022.3.8f1/Editor/Data/MonoBleedingEdge/lib/mono/unityjit-win32'
Mono config path = 'C:/Program Files/Unity 2022.3.8f1/Editor/Data/MonoBleedingEdge/etc'
Using monoOptions --debugger-agent=transport=dt_socket,embedding=1,server=y,suspend=n,address=127.0.0.1:56032
Begin MonoManager ReloadAssembly
Registering precompiled unity dll's ...
Register platform support module: C:/Program Files/Unity 2022.3.8f1/Editor/Data/PlaybackEngines/WindowsStandaloneSupport/UnityEditor.WindowsStandalone.Extensions.dll
Registered in 0.008566 seconds.
- Loaded All Assemblies, in  0.478 seconds
Native extension for WindowsStandalone target not found
Mono: successfully reloaded assembly
- Finished resetting the current domain, in  0.384 seconds
Domain Reload Profiling: 859ms
	BeginReloadAssembly (144ms)
		ExecutionOrderSort (0ms)
		DisableScriptedObjects (0ms)
		BackupInstance (0ms)
		ReleaseScriptingObjects (0ms)
		CreateAndSetChildDomain (1ms)
	RebuildCommonClasses (49ms)
	RebuildNativeTypeToScriptingClass (14ms)
	initialDomainReloadingComplete (78ms)
	LoadAllAssembliesAndSetupDomain (190ms)
		LoadAssemblies (140ms)
		RebuildTransferFunctionScriptingTraits (0ms)
		AnalyzeDomain (187ms)
			TypeCache.Refresh (185ms)
				TypeCache.ScanAssembly (165ms)
			ScanForSourceGeneratedMonoScriptInfo (1ms)
			ResolveRequiredComponents (1ms)
	FinalizeReload (384ms)
		ReleaseScriptCaches (0ms)
		RebuildScriptCaches (0ms)
		SetupLoadedEditorAssemblies (286ms)
			LogAssemblyErrors (0ms)
			InitializePlatformSupportModulesInManaged (14ms)
			SetLoadedEditorAssemblies (12ms)
			RefreshPlugins (0ms)
			BeforeProcessingInitializeOnLoad (4ms)
			ProcessInitializeOnLoadAttributes (193ms)
			ProcessInitializeOnLoadMethodAttributes (63ms)
			AfterProcessingInitializeOnLoad (0ms)
			EditorAssembliesLoaded (0ms)
		ExecutionOrderSort2 (0ms)
		AwakeInstancesAfterBackupRestoration (0ms)
========================================================================
Worker process is ready to serve import requests
Begin MonoManager ReloadAssembly
- Loaded All Assemblies, in  0.689 seconds
Refreshing native plugins compatible for Editor in 3.12 ms, found 3 plugins.
Native extension for WindowsStandalone target not found
Package Manager log level set to [2]
[Package Manager] Server::EnsureServerProcessIsRunning -- launch failed, reason: Unity was launched with the -noUpm command-line argument
[Package Manager] UpmClient::Send -- Unable to send message (not connected to UPM process).
[Package Manager] Cannot connect to Unity Package Manager local server
Mono: successfully reloaded assembly
- Finished resetting the current domain, in  0.592 seconds
Domain Reload Profiling: 1278ms
	BeginReloadAssembly (160ms)
		ExecutionOrderSort (0ms)
		DisableScriptedObjects (5ms)
		BackupInstance (0ms)
		ReleaseScriptingObjects (0ms)
		CreateAndSetChildDomain (26ms)
	RebuildCommonClasses (37ms)
	RebuildNativeTypeToScriptingClass (12ms)
	initialDomainReloadingComplete (47ms)
	LoadAllAssembliesAndSetupDomain (429ms)
		LoadAssemblies (329ms)
		RebuildTransferFunctionScriptingTraits (0ms)
		AnalyzeDomain (192ms)
			TypeCache.Refresh (173ms)
				TypeCache.ScanAssembly (156ms)
			ScanForSourceGeneratedMonoScriptInfo (14ms)
			ResolveRequiredComponents (4ms)
	FinalizeReload (592ms)
		ReleaseScriptCaches (0ms)
		RebuildScriptCaches (0ms)
		SetupLoadedEditorAssemblies (438ms)
			LogAssemblyErrors (0ms)
			InitializePlatformSupportModulesInManaged (5ms)
			SetLoadedEditorAssemblies (4ms)
			RefreshPlugins (0ms)
			BeforeProcessingInitializeOnLoad (68ms)
			ProcessInitializeOnLoadAttributes (330ms)
			ProcessInitializeOnLoadMethodAttributes (25ms)
			AfterProcessingInitializeOnLoad (7ms)
			EditorAssembliesLoaded (0ms)
		ExecutionOrderSort2 (0ms)
		AwakeInstancesAfterBackupRestoration (9ms)
Launched and connected shader compiler UnityShaderCompiler.exe after 0.06 seconds
Refreshing native plugins compatible for Editor in 4.01 ms, found 3 plugins.
Preloading 0 native plugins for Editor in 0.00 ms.
Unloading 3069 Unused Serialized files (Serialized files now loaded: 0)
Unloading 31 unused Assets / (56.3 KB). Loaded Objects now: 3531.
Memory consumption went from 113.8 MB to 113.8 MB.
Total: 3.115600 ms (FindLiveObjects: 0.271300 ms CreateObjectMapping: 0.080100 ms MarkObjects: 2.651600 ms  DeleteObjects: 0.111100 ms)

AssetImportParameters requested are different than current active one (requested -> active):
  custom:container-demuxer-ogg: 62fdf1f143b41e24485cea50d1cbac27 -> 
  custom:video-decoder-ogg-theora: a1e56fd34408186e4bbccfd4996cb3dc -> 
  custom:framework-win-MediaFoundation: 216162199b28c13a410421893ffa2e32 -> 
  custom:container-demuxer-webm: 4f35f7cbe854078d1ac9338744f61a02 -> 
  custom:container-muxer-webm: aa71ff27fc2769a1b78a27578f13a17b -> 
  custom:video-decoder-webm-vp8: 9c59270c3fd7afecdb556c50c9e8de78 -> 
  custom:SearchIndexIgnoredProperties: e643bd26f0fe6173181afceb89e7c659 -> 
  custom:AudioImporter_EditorPlatform: d09bf68614088b80899f8185d706f6e7 -> 
  custom:video-encoder-webm-vp8: eb34c28f22e8b96e1ab97ce403110664 -> 
  custom:audio-decoder-ogg-vorbis: bf7c407c2cedff20999df2af8eb42d56 -> 
  custom:audio-encoder-webm-vorbis: bf7c407c2cedff20999df2af8eb42d56 -> 
========================================================================
Received Import Request.
  Time since last request: 251010.948983 seconds.
  path: Assets/Scenes
  artifactKey: Guid(29c028e877e0b9c4eb41477d8081c4b4) Importer(815301076,1909f56bfc062723c751e8b465ee728b)
Start importing Assets/Scenes using Guid(29c028e877e0b9c4eb41477d8081c4b4) Importer(815301076,1909f56bfc062723c751e8b465ee728b)  -> (artifact id: '6b4631474c017188d8c3427c8d6e88a2') in 0.004457 seconds
Number of updated asset objects reloaded before import = 0
Number of asset objects unloaded after import = 0
========================================================================
Received Import Request.
  Time since last request: 3.713885 seconds.
  path: Assets/Scenes/SampleScene.unity
  artifactKey: Guid(9fc0d4010bbf28b4594072e72b8655ab) Importer(2089858483,0ecaa5967403d082aa24f35e1b516d23)
Start importing Assets/Scenes/SampleScene.unity using Guid(9fc0d4010bbf28b4594072e72b8655ab) Importer(2089858483,0ecaa5967403d082aa24f35e1b516d23) Generated GUIDs only implemented for interfaces!
 -> (artifact id: '7880025858a30965692e9b8c87a5aa43') in 0.103702 seconds
Number of updated asset objects reloaded before import = 0
Number of asset objects unloaded after import = 1
========================================================================
Received Prepare
Refreshing native plugins compatible for Editor in 3.92 ms, found 3 plugins.
Preloading 0 native plugins for Editor in 0.00 ms.
Unloading 0 Unused Serialized files (Serialized files now loaded: 0)
Unloading 1 unused Assets / (0.8 KB). Loaded Objects now: 3531.
Memory consumption went from 65.0 MB to 65.0 MB.
Total: 3.333000 ms (FindLiveObjects: 0.251300 ms CreateObjectMapping: 0.090400 ms MarkObjects: 2.968500 ms  DeleteObjects: 0.021700 ms)

Prepare: number of updated asset objects reloaded= 0
AssetImportParameters requested are different than current active one (requested -> active):
  custom:container-demuxer-ogg: 62fdf1f143b41e24485cea50d1cbac27 -> 
  custom:video-decoder-ogg-theora: a1e56fd34408186e4bbccfd4996cb3dc -> 
  custom:framework-win-MediaFoundation: 216162199b28c13a410421893ffa2e32 -> 
  custom:CustomObjectIndexerAttribute: 756ad292c208cfabdd7b50bc23989ffe -> 
  custom:container-demuxer-webm: 4f35f7cbe854078d1ac9338744f61a02 -> 
  custom:container-muxer-webm: aa71ff27fc2769a1b78a27578f13a17b -> 
  custom:video-decoder-webm-vp8: 9c59270c3fd7afecdb556c50c9e8de78 -> 
  custom:SearchIndexIgnoredProperties: e643bd26f0fe6173181afceb89e7c659 -> 
  custom:AudioImporter_EditorPlatform: d09bf68614088b80899f8185d706f6e7 -> 
  custom:video-encoder-webm-vp8: eb34c28f22e8b96e1ab97ce403110664 -> 
  custom:audio-decoder-ogg-vorbis: bf7c407c2cedff20999df2af8eb42d56 -> 
  custom:audio-encoder-webm-vorbis: bf7c407c2cedff20999df2af8eb42d56 -> 
========================================================================
Received Import Request.
  Time since last request: 42.935320 seconds.
  path: Assets/Scenes/MenuInicial.unity
  artifactKey: Guid(b66abbc5275059c46aaec6f9233b8fbd) Importer(2089858483,0ecaa5967403d082aa24f35e1b516d23)
Start importing Assets/Scenes/MenuInicial.unity using Guid(b66abbc5275059c46aaec6f9233b8fbd) Importer(2089858483,0ecaa5967403d082aa24f35e1b516d23) Generated GUIDs only implemented for interfaces!
 -> (artifact id: '0aab8dcf4cd8222218132f9b08b802a9') in 0.012951 seconds
Number of updated asset objects reloaded before import = 0
Number of asset objects unloaded after import = 1
========================================================================
Received Import Request.
  Time since last request: 251.311818 seconds.
  path: Assets/StudioBillion/House Interior/Materials/ORG.2.mat
  artifactKey: Guid(d47e91a3339fcaa4cabdd32b26c13aa8) Importer(2089858483,0ecaa5967403d082aa24f35e1b516d23)
Start importing Assets/StudioBillion/House Interior/Materials/ORG.2.mat using Guid(d47e91a3339fcaa4cabdd32b26c13aa8) Importer(2089858483,0ecaa5967403d082aa24f35e1b516d23) Generated GUIDs only implemented for interfaces!
 -> (artifact id: 'd5593ebee8dc908bc7a5d39c98edd778') in 0.145267 seconds
Number of updated asset objects reloaded before import = 0
Number of asset objects unloaded after import = 1
========================================================================
Received Import Request.
  Time since last request: 0.000046 seconds.
  path: Assets/StudioBillion/House Interior/Materials/SKIN.008.mat
  artifactKey: Guid(bb9a5c45179520746ac2719cacddeccd) Importer(2089858483,0ecaa5967403d082aa24f35e1b516d23)
Start importing Assets/StudioBillion/House Interior/Materials/SKIN.008.mat using Guid(bb9a5c45179520746ac2719cacddeccd) Importer(2089858483,0ecaa5967403d082aa24f35e1b516d23) Generated GUIDs only implemented for interfaces!
 -> (artifact id: 'e3fb53f4c74652fb8fc2f1deca1e2de9') in 0.015062 seconds
Number of updated asset objects reloaded before import = 0
Number of asset objects unloaded after import = 1
========================================================================
Received Import Request.
  Time since last request: 0.000050 seconds.
  path: Assets/StudioBillion/House Interior/Materials/GRY.1.mat
  artifactKey: Guid(df1617325e4da9a40b123d6a261a35a8) Importer(2089858483,0ecaa5967403d082aa24f35e1b516d23)
Start importing Assets/StudioBillion/House Interior/Materials/GRY.1.mat using Guid(df1617325e4da9a40b123d6a261a35a8) Importer(2089858483,0ecaa5967403d082aa24f35e1b516d23) Generated GUIDs only implemented for interfaces!
 -> (artifact id: 'cccabe1e684a2412252909c797a9d7c6') in 0.018055 seconds
Number of updated asset objects reloaded before import = 0
Number of asset objects unloaded after import = 1
========================================================================
Received Import Request.
  Time since last request: 0.000065 seconds.
  path: Assets/StudioBillion/House Interior/Materials/fridge_gray.mat
  artifactKey: Guid(173f6476033ed1c49989e343191f4391) Importer(2089858483,0ecaa5967403d082aa24f35e1b516d23)
Start importing Assets/StudioBillion/House Interior/Materials/fridge_gray.mat using Guid(173f6476033ed1c49989e343191f4391) Importer(2089858483,0ecaa5967403d082aa24f35e1b516d23) Generated GUIDs only implemented for interfaces!
 -> (artifact id: 'ca80f9e1c349ee27e1cefa88423f910e') in 0.019900 seconds
Number of updated asset objects reloaded before import = 0
Number of asset objects unloaded after import = 1
========================================================================
Received Import Request.
  Time since last request: 0.000024 seconds.
  path: Assets/StudioBillion/House Interior/Materials/laptop_screen.mat
  artifactKey: Guid(c0bd8f7ecc0c8d648a87c95c595bdfa1) Importer(2089858483,0ecaa5967403d082aa24f35e1b516d23)
Start importing Assets/StudioBillion/House Interior/Materials/laptop_screen.mat using Guid(c0bd8f7ecc0c8d648a87c95c595bdfa1) Importer(2089858483,0ecaa5967403d082aa24f35e1b516d23) Generated GUIDs only implemented for interfaces!
 -> (artifact id: 'f7cbe88951794bcbe2cb86122e3246cb') in 0.015634 seconds
Number of updated asset objects reloaded before import = 0
Number of asset objects unloaded after import = 1
========================================================================
Received Import Request.
  Time since last request: 0.000030 seconds.
  path: Assets/StudioBillion/House Interior/Prefabs/Bath.prefab
  artifactKey: Guid(dd1310fff69f1cd46974882f047d74c8) Importer(2089858483,0ecaa5967403d082aa24f35e1b516d23)
Start importing Assets/StudioBillion/House Interior/Prefabs/Bath.prefab using Guid(dd1310fff69f1cd46974882f047d74c8) Importer(2089858483,0ecaa5967403d082aa24f35e1b516d23) Generated GUIDs only implemented for interfaces!
 -> (artifact id: 'e081441eb5d3bb9b9afff377e3426d26') in 0.034187 seconds
Number of updated asset objects reloaded before import = 0
Number of asset objects unloaded after import = 7
========================================================================
Received Import Request.
  Time since last request: 0.000028 seconds.
  path: Assets/StudioBillion/House Interior/Materials/PNK.1.mat
  artifactKey: Guid(fd5c61492a05ec143bd2480588b974c2) Importer(2089858483,0ecaa5967403d082aa24f35e1b516d23)
Start importing Assets/StudioBillion/House Interior/Materials/PNK.1.mat using Guid(fd5c61492a05ec143bd2480588b974c2) Importer(2089858483,0ecaa5967403d082aa24f35e1b516d23) Generated GUIDs only implemented for interfaces!
 -> (artifact id: '3ca5eed5c5f0b58af9ac7320ca5220f5') in 0.018122 seconds
Number of updated asset objects reloaded before import = 0
Number of asset objects unloaded after import = 1
========================================================================
Received Import Request.
  Time since last request: 0.000031 seconds.
  path: Assets/StudioBillion/House Interior/Materials/glass2.mat
  artifactKey: Guid(fdb62e5a557fe9c4f864c07d660b37d8) Importer(2089858483,0ecaa5967403d082aa24f35e1b516d23)
Start importing Assets/StudioBillion/House Interior/Materials/glass2.mat using Guid(fdb62e5a557fe9c4f864c07d660b37d8) Importer(2089858483,0ecaa5967403d082aa24f35e1b516d23) Generated GUIDs only implemented for interfaces!
 -> (artifact id: '6723ff51e83619c741f0992889e20870') in 0.019160 seconds
Number of updated asset objects reloaded before import = 0
Number of asset objects unloaded after import = 1
========================================================================
Received Import Request.
  Time since last request: 0.000024 seconds.
  path: Assets/StudioBillion/House Interior/Materials/drum1_yellow.mat
  artifactKey: Guid(0efac0842e1d2564bb25a00a5bc9845f) Importer(2089858483,0ecaa5967403d082aa24f35e1b516d23)
Start importing Assets/StudioBillion/House Interior/Materials/drum1_yellow.mat using Guid(0efac0842e1d2564bb25a00a5bc9845f) Importer(2089858483,0ecaa5967403d082aa24f35e1b516d23) Generated GUIDs only implemented for interfaces!
 -> (artifact id: '73bf67cf313c4c76d91da4dc3ce3b889') in 0.021041 seconds
Number of updated asset objects reloaded before import = 0
Number of asset objects unloaded after import = 1
========================================================================
Received Import Request.
  Time since last request: 0.000039 seconds.
  path: Assets/StudioBillion/House Interior/Materials/Material.015.mat
  artifactKey: Guid(f1480b3dfb419dd4dae5d72ae27689ee) Importer(2089858483,0ecaa5967403d082aa24f35e1b516d23)
Start importing Assets/StudioBillion/House Interior/Materials/Material.015.mat using Guid(f1480b3dfb419dd4dae5d72ae27689ee) Importer(2089858483,0ecaa5967403d082aa24f35e1b516d23) Generated GUIDs only implemented for interfaces!
 -> (artifact id: 'ddf073085d7f62042da61ff9b07512f0') in 0.016022 seconds
Number of updated asset objects reloaded before import = 0
Number of asset objects unloaded after import = 1
========================================================================
Received Import Request.
  Time since last request: 0.000022 seconds.
  path: Assets/StudioBillion/House Interior/Prefabs/Dishes.prefab
  artifactKey: Guid(d9557199083727f4795db6c85a10396b) Importer(2089858483,0ecaa5967403d082aa24f35e1b516d23)
Start importing Assets/StudioBillion/House Interior/Prefabs/Dishes.prefab using Guid(d9557199083727f4795db6c85a10396b) Importer(2089858483,0ecaa5967403d082aa24f35e1b516d23) Generated GUIDs only implemented for interfaces!
 -> (artifact id: 'bf8414dcef8d003501a4e58d2b24b350') in 0.019819 seconds
Number of updated asset objects reloaded before import = 0
Number of asset objects unloaded after import = 7
========================================================================
Received Import Request.
  Time since last request: 0.000029 seconds.
  path: Assets/StudioBillion/House Interior/Materials/BLU.006.mat
  artifactKey: Guid(96da3eb8ac44670489583c2be91e4a88) Importer(2089858483,0ecaa5967403d082aa24f35e1b516d23)
Start importing Assets/StudioBillion/House Interior/Materials/BLU.006.mat using Guid(96da3eb8ac44670489583c2be91e4a88) Importer(2089858483,0ecaa5967403d082aa24f35e1b516d23) Generated GUIDs only implemented for interfaces!
 -> (artifact id: 'bf67a77b307403ba80e2bd2c378de6fb') in 0.016794 seconds
Number of updated asset objects reloaded before import = 0
Number of asset objects unloaded after import = 1
========================================================================
Received Import Request.
  Time since last request: 0.000026 seconds.
  path: Assets/StudioBillion/House Interior/Materials/BRW.009.mat
  artifactKey: Guid(a7d84194604675b488d819dc7a1520d7) Importer(2089858483,0ecaa5967403d082aa24f35e1b516d23)
Start importing Assets/StudioBillion/House Interior/Materials/BRW.009.mat using Guid(a7d84194604675b488d819dc7a1520d7) Importer(2089858483,0ecaa5967403d082aa24f35e1b516d23) Generated GUIDs only implemented for interfaces!
 -> (artifact id: '226afb317bda4659a8bdc8a10b0c4acd') in 0.017650 seconds
Number of updated asset objects reloaded before import = 0
Number of asset objects unloaded after import = 1
========================================================================
Received Import Request.
  Time since last request: 0.000041 seconds.
  path: Assets/StudioBillion/House Interior/Materials/Material.001.mat
  artifactKey: Guid(153b64355dc252943b5a90a3c34e6a70) Importer(2089858483,0ecaa5967403d082aa24f35e1b516d23)
Start importing Assets/StudioBillion/House Interior/Materials/Material.001.mat using Guid(153b64355dc252943b5a90a3c34e6a70) Importer(2089858483,0ecaa5967403d082aa24f35e1b516d23) Generated GUIDs only implemented for interfaces!
 -> (artifact id: '29e01e3b57a292608215314535b0adee') in 0.017631 seconds
Number of updated asset objects reloaded before import = 0
Number of asset objects unloaded after import = 1
========================================================================
Received Import Request.
  Time since last request: 0.000032 seconds.
  path: Assets/StudioBillion/House Interior/Materials/ORG.3.mat
  artifactKey: Guid(bfeaea323d06b6b4ba61867446f2c5ea) Importer(2089858483,0ecaa5967403d082aa24f35e1b516d23)
Start importing Assets/StudioBillion/House Interior/Materials/ORG.3.mat using Guid(bfeaea323d06b6b4ba61867446f2c5ea) Importer(2089858483,0ecaa5967403d082aa24f35e1b516d23) Generated GUIDs only implemented for interfaces!
 -> (artifact id: '378fc72130d001c038dd0617e7812537') in 0.021293 seconds
Number of updated asset objects reloaded before import = 0
Number of asset objects unloaded after import = 1
========================================================================
Received Import Request.
  Time since last request: 0.000020 seconds.
  path: Assets/StudioBillion/House Interior/Materials/Material.012.mat
  artifactKey: Guid(6c59a3f8eca35854d88bc347bc3b4e5d) Importer(2089858483,0ecaa5967403d082aa24f35e1b516d23)
Start importing Assets/StudioBillion/House Interior/Materials/Material.012.mat using Guid(6c59a3f8eca35854d88bc347bc3b4e5d) Importer(2089858483,0ecaa5967403d082aa24f35e1b516d23) Generated GUIDs only implemented for interfaces!
 -> (artifact id: '57f89cfee48bfe76f51ef2380047bd22') in 0.021334 seconds
Number of updated asset objects reloaded before import = 0
Number of asset objects unloaded after import = 1
========================================================================
Received Import Request.
  Time since last request: 0.000027 seconds.
  path: Assets/StudioBillion/House Interior/Prefabs
  artifactKey: Guid(89d98e2a52392434481b515eee2b71d4) Importer(2089858483,0ecaa5967403d082aa24f35e1b516d23)
Start importing Assets/StudioBillion/House Interior/Prefabs using Guid(89d98e2a52392434481b515eee2b71d4) Importer(2089858483,0ecaa5967403d082aa24f35e1b516d23) Generated GUIDs only implemented for interfaces!
 -> (artifact id: 'b24eebc6dd23bef918eb106bfdd1197f') in 0.015221 seconds
Number of updated asset objects reloaded before import = 0
Number of asset objects unloaded after import = 1
========================================================================
Received Import Request.
  Time since last request: 0.000047 seconds.
  path: Assets/StudioBillion/House Interior/Materials/RED.010.mat
  artifactKey: Guid(a94947ff5f30cbc4e986bc07ab1f18cd) Importer(2089858483,0ecaa5967403d082aa24f35e1b516d23)
Start importing Assets/StudioBillion/House Interior/Materials/RED.010.mat using Guid(a94947ff5f30cbc4e986bc07ab1f18cd) Importer(2089858483,0ecaa5967403d082aa24f35e1b516d23) Generated GUIDs only implemented for interfaces!
 -> (artifact id: '336014707ac37a9f8418dee1db824353') in 0.020678 seconds
Number of updated asset objects reloaded before import = 0
Number of asset objects unloaded after import = 1
========================================================================
Received Import Request.
  Time since last request: 0.000022 seconds.
  path: Assets/StudioBillion/House Interior/Materials/RED.008.mat
  artifactKey: Guid(74964b8aa6756694fa7cbd9b4a17b1b2) Importer(2089858483,0ecaa5967403d082aa24f35e1b516d23)
Start importing Assets/StudioBillion/House Interior/Materials/RED.008.mat using Guid(74964b8aa6756694fa7cbd9b4a17b1b2) Importer(2089858483,0ecaa5967403d082aa24f35e1b516d23) Generated GUIDs only implemented for interfaces!
 -> (artifact id: '4ffa9893019e2034e04561cc0decefd6') in 0.018487 seconds
Number of updated asset objects reloaded before import = 0
Number of asset objects unloaded after import = 1
========================================================================
Received Import Request.
  Time since last request: 0.000034 seconds.
  path: Assets/StudioBillion/House Interior/Prefabs/Arcade.prefab
  artifactKey: Guid(5dc265e918ffd904bae64f120ae40df5) Importer(2089858483,0ecaa5967403d082aa24f35e1b516d23)
Start importing Assets/StudioBillion/House Interior/Prefabs/Arcade.prefab using Guid(5dc265e918ffd904bae64f120ae40df5) Importer(2089858483,0ecaa5967403d082aa24f35e1b516d23) Generated GUIDs only implemented for interfaces!
 -> (artifact id: '0567012011bf17d79db4bf016d700db2') in 0.024485 seconds
Number of updated asset objects reloaded before import = 0
Number of asset objects unloaded after import = 7
========================================================================
Received Import Request.
  Time since last request: 0.000024 seconds.
  path: Assets/StudioBillion/House Interior/Materials/GRN.1.mat
  artifactKey: Guid(04fbe7f51862d4f4cb50dc4e04be8f64) Importer(2089858483,0ecaa5967403d082aa24f35e1b516d23)
Start importing Assets/StudioBillion/House Interior/Materials/GRN.1.mat using Guid(04fbe7f51862d4f4cb50dc4e04be8f64) Importer(2089858483,0ecaa5967403d082aa24f35e1b516d23) Generated GUIDs only implemented for interfaces!
 -> (artifact id: '9d2492f58d841633e4f6f481a3324ce1') in 0.019393 seconds
Number of updated asset objects reloaded before import = 0
Number of asset objects unloaded after import = 1
========================================================================
Received Import Request.
  Time since last request: 0.000034 seconds.
  path: Assets/StudioBillion/House Interior/Materials/washer_glass.mat
  artifactKey: Guid(c8b78cae6b65ef548878fb7c2e564d7e) Importer(2089858483,0ecaa5967403d082aa24f35e1b516d23)
Start importing Assets/StudioBillion/House Interior/Materials/washer_glass.mat using Guid(c8b78cae6b65ef548878fb7c2e564d7e) Importer(2089858483,0ecaa5967403d082aa24f35e1b516d23) Generated GUIDs only implemented for interfaces!
 -> (artifact id: 'c7e7400ab2b9a303092b1095292e9dff') in 0.019353 seconds
Number of updated asset objects reloaded before import = 0
Number of asset objects unloaded after import = 1
========================================================================
Received Import Request.
  Time since last request: 0.000028 seconds.
  path: Assets/StudioBillion/House Interior/Prefabs/Pan.prefab
  artifactKey: Guid(b25277b7e28aa4446a996b11092272d7) Importer(2089858483,0ecaa5967403d082aa24f35e1b516d23)
Start importing Assets/StudioBillion/House Interior/Prefabs/Pan.prefab using Guid(b25277b7e28aa4446a996b11092272d7) Importer(2089858483,0ecaa5967403d082aa24f35e1b516d23) Generated GUIDs only implemented for interfaces!
 -> (artifact id: 'df0b310afe80721e57c5e590e97e3d45') in 0.019577 seconds
Number of updated asset objects reloaded before import = 0
Number of asset objects unloaded after import = 7
========================================================================
Received Import Request.
  Time since last request: 0.000160 seconds.
  path: Assets/StudioBillion/House Interior/Materials/Floor.mat
  artifactKey: Guid(a9a6b943b2e16314bb92dae683295337) Importer(2089858483,0ecaa5967403d082aa24f35e1b516d23)
Start importing Assets/StudioBillion/House Interior/Materials/Floor.mat using Guid(a9a6b943b2e16314bb92dae683295337) Importer(2089858483,0ecaa5967403d082aa24f35e1b516d23) Generated GUIDs only implemented for interfaces!
 -> (artifact id: 'f24c660d3b5ab33700da6a12e88b7155') in 0.020205 seconds
Number of updated asset objects reloaded before import = 0
Number of asset objects unloaded after import = 1
========================================================================
Received Import Request.
  Time since last request: 0.000027 seconds.
  path: Assets/StudioBillion/House Interior/Materials/BRW.011.mat
  artifactKey: Guid(d66db5525bbe1fa46b5f18fc5a3b48b8) Importer(2089858483,0ecaa5967403d082aa24f35e1b516d23)
Start importing Assets/StudioBillion/House Interior/Materials/BRW.011.mat using Guid(d66db5525bbe1fa46b5f18fc5a3b48b8) Importer(2089858483,0ecaa5967403d082aa24f35e1b516d23) Generated GUIDs only implemented for interfaces!
 -> (artifact id: '3c98ed77f05f8a91377b9056d2cde7f3') in 0.017788 seconds
Number of updated asset objects reloaded before import = 0
Number of asset objects unloaded after import = 1
========================================================================
Received Import Request.
  Time since last request: 0.000037 seconds.
  path: Assets/StudioBillion/House Interior/Prefabs/Dinner Table.prefab
  artifactKey: Guid(cbec771c1795bd6458b2310c86d5d6b7) Importer(2089858483,0ecaa5967403d082aa24f35e1b516d23)
Start importing Assets/StudioBillion/House Interior/Prefabs/Dinner Table.prefab using Guid(cbec771c1795bd6458b2310c86d5d6b7) Importer(2089858483,0ecaa5967403d082aa24f35e1b516d23) Generated GUIDs only implemented for interfaces!
 -> (artifact id: '119916dbf18b89b8bba58cfd55a3aa33') in 0.025411 seconds
Number of updated asset objects reloaded before import = 0
Number of asset objects unloaded after import = 7
========================================================================
Received Import Request.
  Time since last request: 0.000188 seconds.
  path: Assets/StudioBillion/House Interior/Materials/RED.2.mat
  artifactKey: Guid(5c1aa2d492e10c74a9abcf37c821e8e0) Importer(2089858483,0ecaa5967403d082aa24f35e1b516d23)
Start importing Assets/StudioBillion/House Interior/Materials/RED.2.mat using Guid(5c1aa2d492e10c74a9abcf37c821e8e0) Importer(2089858483,0ecaa5967403d082aa24f35e1b516d23) Generated GUIDs only implemented for interfaces!
 -> (artifact id: 'd49a1713ac1999d32c7456495874e223') in 0.019241 seconds
Number of updated asset objects reloaded before import = 0
Number of asset objects unloaded after import = 1
========================================================================
Received Import Request.
  Time since last request: 0.000029 seconds.
  path: Assets/StudioBillion/House Interior/Materials/BRW.1.mat
  artifactKey: Guid(4d574ad9835d65c4c875dc7d48975cd1) Importer(2089858483,0ecaa5967403d082aa24f35e1b516d23)
Start importing Assets/StudioBillion/House Interior/Materials/BRW.1.mat using Guid(4d574ad9835d65c4c875dc7d48975cd1) Importer(2089858483,0ecaa5967403d082aa24f35e1b516d23) Generated GUIDs only implemented for interfaces!
 -> (artifact id: '2b0e1f2b185f29f444425cb9e0a70507') in 0.016987 seconds
Number of updated asset objects reloaded before import = 0
Number of asset objects unloaded after import = 1
========================================================================
Received Import Request.
  Time since last request: 0.000052 seconds.
  path: Assets/StudioBillion/House Interior/Materials/RED.006.mat
  artifactKey: Guid(a27672ea64f40c64c967057a14e0ba88) Importer(2089858483,0ecaa5967403d082aa24f35e1b516d23)
Start importing Assets/StudioBillion/House Interior/Materials/RED.006.mat using Guid(a27672ea64f40c64c967057a14e0ba88) Importer(2089858483,0ecaa5967403d082aa24f35e1b516d23) Generated GUIDs only implemented for interfaces!
 -> (artifact id: '5ab802cc0c25482a57a2cc5093dc54c0') in 0.018336 seconds
Number of updated asset objects reloaded before import = 0
Number of asset objects unloaded after import = 1
========================================================================
Received Import Request.
  Time since last request: 0.000034 seconds.
  path: Assets/StudioBillion/House Interior/Prefabs/Pc Chair.prefab
  artifactKey: Guid(27b0bcb7fda86b3458767f6126a71381) Importer(2089858483,0ecaa5967403d082aa24f35e1b516d23)
Start importing Assets/StudioBillion/House Interior/Prefabs/Pc Chair.prefab using Guid(27b0bcb7fda86b3458767f6126a71381) Importer(2089858483,0ecaa5967403d082aa24f35e1b516d23) Generated GUIDs only implemented for interfaces!
 -> (artifact id: 'd9c3e9f8b67b3dd6ee1725e893359a6e') in 0.019509 seconds
Number of updated asset objects reloaded before import = 0
Number of asset objects unloaded after import = 7
========================================================================
Received Import Request.
  Time since last request: 0.000025 seconds.
  path: Assets/StudioBillion/House Interior/Prefabs/Fridge.prefab
  artifactKey: Guid(49e948fe26356c64e9bccc46963c77da) Importer(2089858483,0ecaa5967403d082aa24f35e1b516d23)
Start importing Assets/StudioBillion/House Interior/Prefabs/Fridge.prefab using Guid(49e948fe26356c64e9bccc46963c77da) Importer(2089858483,0ecaa5967403d082aa24f35e1b516d23) Generated GUIDs only implemented for interfaces!
 -> (artifact id: 'fae755c21a8c493f4b89351a395a6a64') in 0.021780 seconds
Number of updated asset objects reloaded before import = 0
Number of asset objects unloaded after import = 7
========================================================================
Received Import Request.
  Time since last request: 0.000064 seconds.
  path: Assets/StudioBillion/House Interior/Materials/Material.006.mat
  artifactKey: Guid(69c5566eea1d735439a92ef6c738b146) Importer(2089858483,0ecaa5967403d082aa24f35e1b516d23)
Start importing Assets/StudioBillion/House Interior/Materials/Material.006.mat using Guid(69c5566eea1d735439a92ef6c738b146) Importer(2089858483,0ecaa5967403d082aa24f35e1b516d23) Generated GUIDs only implemented for interfaces!
 -> (artifact id: '98c47d8fc4701be8597c0aa0baf506c9') in 0.017196 seconds
Number of updated asset objects reloaded before import = 0
Number of asset objects unloaded after import = 1
========================================================================
Received Import Request.
  Time since last request: 0.000025 seconds.
  path: Assets/StudioBillion/House Interior/Materials/ORG.5.mat
  artifactKey: Guid(a9d14092a1dd9834ca9ca643dca230b8) Importer(2089858483,0ecaa5967403d082aa24f35e1b516d23)
Start importing Assets/StudioBillion/House Interior/Materials/ORG.5.mat using Guid(a9d14092a1dd9834ca9ca643dca230b8) Importer(2089858483,0ecaa5967403d082aa24f35e1b516d23) Generated GUIDs only implemented for interfaces!
 -> (artifact id: '95b8af83a424c9be62c8d06a7ff7aa22') in 0.016037 seconds
Number of updated asset objects reloaded before import = 0
Number of asset objects unloaded after import = 1
========================================================================
Received Import Request.
  Time since last request: 0.000020 seconds.
  path: Assets/StudioBillion/House Interior/Materials/laptop_gray2.mat
  artifactKey: Guid(41da70beaea17dc439c32d274791e576) Importer(2089858483,0ecaa5967403d082aa24f35e1b516d23)
Start importing Assets/StudioBillion/House Interior/Materials/laptop_gray2.mat using Guid(41da70beaea17dc439c32d274791e576) Importer(2089858483,0ecaa5967403d082aa24f35e1b516d23) Generated GUIDs only implemented for interfaces!
 -> (artifact id: '2d93290b27e84ba769e005b3627e5817') in 0.019520 seconds
Number of updated asset objects reloaded before import = 0
Number of asset objects unloaded after import = 1
========================================================================
Received Import Request.
  Time since last request: 0.000020 seconds.
  path: Assets/StudioBillion/House Interior/Materials/BLU.2.mat
  artifactKey: Guid(cd06f2065d629f84492d42c7c05af3d4) Importer(2089858483,0ecaa5967403d082aa24f35e1b516d23)
Start importing Assets/StudioBillion/House Interior/Materials/BLU.2.mat using Guid(cd06f2065d629f84492d42c7c05af3d4) Importer(2089858483,0ecaa5967403d082aa24f35e1b516d23) Generated GUIDs only implemented for interfaces!
 -> (artifact id: 'cb0643b5bc8cbf8f8df0b8e2fcb288d2') in 0.017770 seconds
Number of updated asset objects reloaded before import = 0
Number of asset objects unloaded after import = 1
========================================================================
Received Import Request.
  Time since last request: 0.000036 seconds.
  path: Assets/StudioBillion/House Interior/Materials/box_brown.mat
  artifactKey: Guid(0d10351ce92097a4db61d2db7afab59d) Importer(2089858483,0ecaa5967403d082aa24f35e1b516d23)
Start importing Assets/StudioBillion/House Interior/Materials/box_brown.mat using Guid(0d10351ce92097a4db61d2db7afab59d) Importer(2089858483,0ecaa5967403d082aa24f35e1b516d23) Generated GUIDs only implemented for interfaces!
 -> (artifact id: '61e506ec7566e2d436165fbd3eff3215') in 0.017108 seconds
Number of updated asset objects reloaded before import = 0
Number of asset objects unloaded after import = 1
========================================================================
Received Import Request.
  Time since last request: 0.000018 seconds.
  path: Assets/StudioBillion/House Interior/Materials/Material.005.mat
  artifactKey: Guid(41e7a4bea168cd34687800481f020bfc) Importer(2089858483,0ecaa5967403d082aa24f35e1b516d23)
Start importing Assets/StudioBillion/House Interior/Materials/Material.005.mat using Guid(41e7a4bea168cd34687800481f020bfc) Importer(2089858483,0ecaa5967403d082aa24f35e1b516d23) Generated GUIDs only implemented for interfaces!
 -> (artifact id: 'cf3ab3acd7f549bc32edae673ff05b19') in 0.019237 seconds
Number of updated asset objects reloaded before import = 0
Number of asset objects unloaded after import = 1
========================================================================
Received Import Request.
  Time since last request: 0.000029 seconds.
  path: Assets/StudioBillion/House Interior/Materials/glass.mat
  artifactKey: Guid(412d0e7218105554397b4920c81deec1) Importer(2089858483,0ecaa5967403d082aa24f35e1b516d23)
Start importing Assets/StudioBillion/House Interior/Materials/glass.mat using Guid(412d0e7218105554397b4920c81deec1) Importer(2089858483,0ecaa5967403d082aa24f35e1b516d23) Generated GUIDs only implemented for interfaces!
 -> (artifact id: 'cf00442e6c097500b8e4f8535e09635f') in 0.021397 seconds
Number of updated asset objects reloaded before import = 0
Number of asset objects unloaded after import = 1
========================================================================
Received Import Request.
  Time since last request: 0.000076 seconds.
  path: Assets/StudioBillion/House Interior/Materials/BLU.1.mat
  artifactKey: Guid(7bacb55ab7d6c6b449e67723a62bfe2e) Importer(2089858483,0ecaa5967403d082aa24f35e1b516d23)
Start importing Assets/StudioBillion/House Interior/Materials/BLU.1.mat using Guid(7bacb55ab7d6c6b449e67723a62bfe2e) Importer(2089858483,0ecaa5967403d082aa24f35e1b516d23) Generated GUIDs only implemented for interfaces!
 -> (artifact id: '7df4d74104833f493161becec2b19c8f') in 0.017543 seconds
Number of updated asset objects reloaded before import = 0
Number of asset objects unloaded after import = 1
========================================================================
Received Import Request.
  Time since last request: 0.000023 seconds.
  path: Assets/StudioBillion/House Interior/Prefabs/Vase.prefab
  artifactKey: Guid(419bf7a95ce43b847833705cfa58c35b) Importer(2089858483,0ecaa5967403d082aa24f35e1b516d23)
Start importing Assets/StudioBillion/House Interior/Prefabs/Vase.prefab using Guid(419bf7a95ce43b847833705cfa58c35b) Importer(2089858483,0ecaa5967403d082aa24f35e1b516d23) Generated GUIDs only implemented for interfaces!
 -> (artifact id: 'b35c4ee908c11aee603f5f3267784859') in 0.021376 seconds
Number of updated asset objects reloaded before import = 0
Number of asset objects unloaded after import = 7
========================================================================
Received Import Request.
  Time since last request: 0.000022 seconds.
  path: Assets/StudioBillion/House Interior/Materials/GRN.6.mat
  artifactKey: Guid(887720498d2fd584f874978b95b2fa27) Importer(2089858483,0ecaa5967403d082aa24f35e1b516d23)
Start importing Assets/StudioBillion/House Interior/Materials/GRN.6.mat using Guid(887720498d2fd584f874978b95b2fa27) Importer(2089858483,0ecaa5967403d082aa24f35e1b516d23) Generated GUIDs only implemented for interfaces!
 -> (artifact id: 'def6721b6c57c7ec9acdc790618c3c56') in 0.017558 seconds
Number of updated asset objects reloaded before import = 0
Number of asset objects unloaded after import = 1
========================================================================
Received Import Request.
  Time since last request: 0.000026 seconds.
  path: Assets/StudioBillion/House Interior/Materials/box_white.mat
  artifactKey: Guid(78d39c66846b9914591d499a71ea15be) Importer(2089858483,0ecaa5967403d082aa24f35e1b516d23)
Start importing Assets/StudioBillion/House Interior/Materials/box_white.mat using Guid(78d39c66846b9914591d499a71ea15be) Importer(2089858483,0ecaa5967403d082aa24f35e1b516d23) Generated GUIDs only implemented for interfaces!
 -> (artifact id: '7b4a66b23b72d1614de63eca503853f1') in 0.016422 seconds
Number of updated asset objects reloaded before import = 0
Number of asset objects unloaded after import = 1
========================================================================
Received Import Request.
  Time since last request: 0.000026 seconds.
  path: Assets/StudioBillion/House Interior/Materials/Material.022.mat
  artifactKey: Guid(e4337b2d656c86044a6f06452e8fb39e) Importer(2089858483,0ecaa5967403d082aa24f35e1b516d23)
Start importing Assets/StudioBillion/House Interior/Materials/Material.022.mat using Guid(e4337b2d656c86044a6f06452e8fb39e) Importer(2089858483,0ecaa5967403d082aa24f35e1b516d23) Generated GUIDs only implemented for interfaces!
 -> (artifact id: '58a38ddb32fa1330d68600e22916ba8d') in 0.022160 seconds
Number of updated asset objects reloaded before import = 0
Number of asset objects unloaded after import = 1
========================================================================
Received Import Request.
  Time since last request: 0.000038 seconds.
  path: Assets/StudioBillion/House Interior/Prefabs/Cooker.prefab
  artifactKey: Guid(7474ef2a457c13745bd61cd0af76274f) Importer(2089858483,0ecaa5967403d082aa24f35e1b516d23)
Start importing Assets/StudioBillion/House Interior/Prefabs/Cooker.prefab using Guid(7474ef2a457c13745bd61cd0af76274f) Importer(2089858483,0ecaa5967403d082aa24f35e1b516d23) Generated GUIDs only implemented for interfaces!
 -> (artifact id: '552e6c79fac1f7f810608afe222372a8') in 0.017692 seconds
Number of updated asset objects reloaded before import = 0
Number of asset objects unloaded after import = 7
========================================================================
Received Import Request.
  Time since last request: 0.000028 seconds.
  path: Assets/StudioBillion/House Interior/Materials/ORG.011.mat
  artifactKey: Guid(0f857b6395a636b4fa445b5d858d4ed4) Importer(2089858483,0ecaa5967403d082aa24f35e1b516d23)
Start importing Assets/StudioBillion/House Interior/Materials/ORG.011.mat using Guid(0f857b6395a636b4fa445b5d858d4ed4) Importer(2089858483,0ecaa5967403d082aa24f35e1b516d23) Generated GUIDs only implemented for interfaces!
 -> (artifact id: '4b37f368bc335575aedc76dce30ccc67') in 0.016994 seconds
Number of updated asset objects reloaded before import = 0
Number of asset objects unloaded after import = 1
========================================================================
Received Import Request.
  Time since last request: 0.000051 seconds.
  path: Assets/StudioBillion/House Interior/Materials/BRW.2.mat
  artifactKey: Guid(274a43bf900e8ef4c87ae989223dde97) Importer(2089858483,0ecaa5967403d082aa24f35e1b516d23)
Start importing Assets/StudioBillion/House Interior/Materials/BRW.2.mat using Guid(274a43bf900e8ef4c87ae989223dde97) Importer(2089858483,0ecaa5967403d082aa24f35e1b516d23) Generated GUIDs only implemented for interfaces!
 -> (artifact id: 'a695f3f55722c5c3078f83853e2631f1') in 0.017554 seconds
Number of updated asset objects reloaded before import = 0
Number of asset objects unloaded after import = 1
========================================================================
Received Import Request.
  Time since last request: 0.000030 seconds.
  path: Assets/StudioBillion/House Interior/Prefabs/Glass.prefab
  artifactKey: Guid(f3638bc957e46844e835931a51ea4ccd) Importer(2089858483,0ecaa5967403d082aa24f35e1b516d23)
Start importing Assets/StudioBillion/House Interior/Prefabs/Glass.prefab using Guid(f3638bc957e46844e835931a51ea4ccd) Importer(2089858483,0ecaa5967403d082aa24f35e1b516d23) Generated GUIDs only implemented for interfaces!
 -> (artifact id: 'ff2c913b4bf842c5169bce0b955c6c81') in 0.023293 seconds
Number of updated asset objects reloaded before import = 0
Number of asset objects unloaded after import = 29
========================================================================
Received Import Request.
  Time since last request: 0.000035 seconds.
  path: Assets/StudioBillion/House Interior/Materials/Material.020.mat
  artifactKey: Guid(68589942e270d0f44a89bad34031e04a) Importer(2089858483,0ecaa5967403d082aa24f35e1b516d23)
Start importing Assets/StudioBillion/House Interior/Materials/Material.020.mat using Guid(68589942e270d0f44a89bad34031e04a) Importer(2089858483,0ecaa5967403d082aa24f35e1b516d23) Generated GUIDs only implemented for interfaces!
 -> (artifact id: 'fa2bd668e192cc7e219a6f2d4e621c46') in 0.027074 seconds
Number of updated asset objects reloaded before import = 0
Number of asset objects unloaded after import = 1
========================================================================
Received Import Request.
  Time since last request: 0.000037 seconds.
  path: Assets/StudioBillion/House Interior/Materials/Material.011.mat
  artifactKey: Guid(3e269008397a27440981bea98800a385) Importer(2089858483,0ecaa5967403d082aa24f35e1b516d23)
Start importing Assets/StudioBillion/House Interior/Materials/Material.011.mat using Guid(3e269008397a27440981bea98800a385) Importer(2089858483,0ecaa5967403d082aa24f35e1b516d23) Generated GUIDs only implemented for interfaces!
 -> (artifact id: '1efae0f2fb7dd88267d389d811188caf') in 0.028878 seconds
Number of updated asset objects reloaded before import = 0
Number of asset objects unloaded after import = 1
========================================================================
Received Import Request.
  Time since last request: 0.000050 seconds.
  path: Assets/StudioBillion/House Interior/Materials/drum1_purple1.mat
  artifactKey: Guid(5a3c64457b14f27438b4f95e1796487e) Importer(2089858483,0ecaa5967403d082aa24f35e1b516d23)
Start importing Assets/StudioBillion/House Interior/Materials/drum1_purple1.mat using Guid(5a3c64457b14f27438b4f95e1796487e) Importer(2089858483,0ecaa5967403d082aa24f35e1b516d23) Generated GUIDs only implemented for interfaces!
 -> (artifact id: '50d425b913c16cba67a99531650715b9') in 0.021755 seconds
Number of updated asset objects reloaded before import = 0
Number of asset objects unloaded after import = 1
========================================================================
Received Import Request.
  Time since last request: 0.000059 seconds.
  path: Assets/StudioBillion/House Interior/Materials/box_gray.mat
  artifactKey: Guid(922bc4877c7679044ad46f4a5456f83d) Importer(2089858483,0ecaa5967403d082aa24f35e1b516d23)
Start importing Assets/StudioBillion/House Interior/Materials/box_gray.mat using Guid(922bc4877c7679044ad46f4a5456f83d) Importer(2089858483,0ecaa5967403d082aa24f35e1b516d23) Generated GUIDs only implemented for interfaces!
 -> (artifact id: 'a9d089237a59dc6a9e12e19a4641da4c') in 0.022332 seconds
Number of updated asset objects reloaded before import = 0
Number of asset objects unloaded after import = 1
========================================================================
Received Import Request.
  Time since last request: 0.001482 seconds.
  path: Assets/StudioBillion/House Interior/Materials/laptop_logo.mat
  artifactKey: Guid(bec8c37dcaaae51499ab1b07dbca0749) Importer(2089858483,0ecaa5967403d082aa24f35e1b516d23)
Start importing Assets/StudioBillion/House Interior/Materials/laptop_logo.mat using Guid(bec8c37dcaaae51499ab1b07dbca0749) Importer(2089858483,0ecaa5967403d082aa24f35e1b516d23) Generated GUIDs only implemented for interfaces!
 -> (artifact id: 'eafa3a91b16954998e201e355c8eea1f') in 0.021786 seconds
Number of updated asset objects reloaded before import = 0
Number of asset objects unloaded after import = 1
========================================================================
Received Import Request.
  Time since last request: 0.000041 seconds.
  path: Assets/StudioBillion/House Interior/Prefabs/Carpet2.prefab
  artifactKey: Guid(6d05b9c6f1a84414ca2b2a2d4851d8d7) Importer(2089858483,0ecaa5967403d082aa24f35e1b516d23)
Start importing Assets/StudioBillion/House Interior/Prefabs/Carpet2.prefab using Guid(6d05b9c6f1a84414ca2b2a2d4851d8d7) Importer(2089858483,0ecaa5967403d082aa24f35e1b516d23) Generated GUIDs only implemented for interfaces!
 -> (artifact id: '6a3fef5912619e85da4afd1e4d542e9a') in 0.022820 seconds
Number of updated asset objects reloaded before import = 0
Number of asset objects unloaded after import = 7
========================================================================
Received Import Request.
  Time since last request: 0.000677 seconds.
  path: Assets/StudioBillion/House Interior/Prefabs/Tv Unit.prefab
  artifactKey: Guid(01703f21ce284a1498b9b8bea9ac8103) Importer(2089858483,0ecaa5967403d082aa24f35e1b516d23)
Start importing Assets/StudioBillion/House Interior/Prefabs/Tv Unit.prefab using Guid(01703f21ce284a1498b9b8bea9ac8103) Importer(2089858483,0ecaa5967403d082aa24f35e1b516d23) Generated GUIDs only implemented for interfaces!
 -> (artifact id: '19857a8be6c590725bbfafdf95531c12') in 0.026376 seconds
Number of updated asset objects reloaded before import = 0
Number of asset objects unloaded after import = 32
========================================================================
Received Import Request.
  Time since last request: 0.000064 seconds.
  path: Assets/StudioBillion/House Interior/Prefabs/Closet.prefab
  artifactKey: Guid(796e32cd1010d3b4a934bd873c9246c7) Importer(2089858483,0ecaa5967403d082aa24f35e1b516d23)
Start importing Assets/StudioBillion/House Interior/Prefabs/Closet.prefab using Guid(796e32cd1010d3b4a934bd873c9246c7) Importer(2089858483,0ecaa5967403d082aa24f35e1b516d23) Generated GUIDs only implemented for interfaces!
 -> (artifact id: '39706d0784b3a6db54be82ccd989866a') in 0.027570 seconds
Number of updated asset objects reloaded before import = 0
Number of asset objects unloaded after import = 7
========================================================================
Received Import Request.
  Time since last request: 0.000103 seconds.
  path: Assets/StudioBillion/House Interior/Prefabs/Chairs.prefab
  artifactKey: Guid(c2295b34083ed0c4b95a252933176bfd) Importer(2089858483,0ecaa5967403d082aa24f35e1b516d23)
Start importing Assets/StudioBillion/House Interior/Prefabs/Chairs.prefab using Guid(c2295b34083ed0c4b95a252933176bfd) Importer(2089858483,0ecaa5967403d082aa24f35e1b516d23) Generated GUIDs only implemented for interfaces!
 -> (artifact id: '63d89897f15682e8acdd1fa960c97678') in 0.029448 seconds
Number of updated asset objects reloaded before import = 0
Number of asset objects unloaded after import = 24
========================================================================
Received Import Request.
  Time since last request: 0.000053 seconds.
  path: Assets/StudioBillion/House Interior/Prefabs/Wardrobe.prefab
  artifactKey: Guid(349bf11d0a3e402469f2825045862a54) Importer(2089858483,0ecaa5967403d082aa24f35e1b516d23)
Start importing Assets/StudioBillion/House Interior/Prefabs/Wardrobe.prefab using Guid(349bf11d0a3e402469f2825045862a54) Importer(2089858483,0ecaa5967403d082aa24f35e1b516d23) Generated GUIDs only implemented for interfaces!
 -> (artifact id: '2b049e07996293f245d233fb577a6153') in 0.033291 seconds
Number of updated asset objects reloaded before import = 0
Number of asset objects unloaded after import = 7
========================================================================
Received Import Request.
  Time since last request: 0.000112 seconds.
  path: Assets/StudioBillion/House Interior/Prefabs/Kitchen.prefab
  artifactKey: Guid(3ef71c61a4b7a584ab19647cf6f6946e) Importer(2089858483,0ecaa5967403d082aa24f35e1b516d23)
Start importing Assets/StudioBillion/House Interior/Prefabs/Kitchen.prefab using Guid(3ef71c61a4b7a584ab19647cf6f6946e) Importer(2089858483,0ecaa5967403d082aa24f35e1b516d23) Generated GUIDs only implemented for interfaces!
 -> (artifact id: 'cad0924ebf46a5b40c93e24f3e0ee579') in 0.034651 seconds
Number of updated asset objects reloaded before import = 0
Number of asset objects unloaded after import = 7
========================================================================
Received Import Request.
  Time since last request: 0.000073 seconds.
  path: Assets/StudioBillion/House Interior/Materials/ORG.4.mat
  artifactKey: Guid(da276184539af9e4c8d657765ed4e3ae) Importer(2089858483,0ecaa5967403d082aa24f35e1b516d23)
Start importing Assets/StudioBillion/House Interior/Materials/ORG.4.mat using Guid(da276184539af9e4c8d657765ed4e3ae) Importer(2089858483,0ecaa5967403d082aa24f35e1b516d23) Generated GUIDs only implemented for interfaces!
 -> (artifact id: '0ef0735b42d1e79d0363033e0eb4ae09') in 0.029995 seconds
Number of updated asset objects reloaded before import = 0
Number of asset objects unloaded after import = 1
========================================================================
Received Import Request.
  Time since last request: 0.000027 seconds.
  path: Assets/StudioBillion/House Interior/Prefabs/Carpet1.prefab
  artifactKey: Guid(523873fc9002b974c8a0292076ec82af) Importer(2089858483,0ecaa5967403d082aa24f35e1b516d23)
Start importing Assets/StudioBillion/House Interior/Prefabs/Carpet1.prefab using Guid(523873fc9002b974c8a0292076ec82af) Importer(2089858483,0ecaa5967403d082aa24f35e1b516d23) Generated GUIDs only implemented for interfaces!
 -> (artifact id: '72a8d6bff8f72f7cbcb5444602e5be9b') in 0.040471 seconds
Number of updated asset objects reloaded before import = 0
Number of asset objects unloaded after import = 7
========================================================================
Received Import Request.
  Time since last request: 0.000154 seconds.
  path: Assets/StudioBillion/House Interior/Materials/drum1_gray.mat
  artifactKey: Guid(84773ff7b7e39bf4d95fbe5ba2466106) Importer(2089858483,0ecaa5967403d082aa24f35e1b516d23)
Start importing Assets/StudioBillion/House Interior/Materials/drum1_gray.mat using Guid(84773ff7b7e39bf4d95fbe5ba2466106) Importer(2089858483,0ecaa5967403d082aa24f35e1b516d23) Generated GUIDs only implemented for interfaces!
 -> (artifact id: 'ee4ee77e6efc9e71a772dd86ec073d56') in 0.025358 seconds
Number of updated asset objects reloaded before import = 0
Number of asset objects unloaded after import = 1
========================================================================
Received Import Request.
  Time since last request: 0.000028 seconds.
  path: Assets/StudioBillion/House Interior/Materials/drum1_white.mat
  artifactKey: Guid(8269dd6fec939c04e8b0aa9bb2c7ad69) Importer(2089858483,0ecaa5967403d082aa24f35e1b516d23)
Start importing Assets/StudioBillion/House Interior/Materials/drum1_white.mat using Guid(8269dd6fec939c04e8b0aa9bb2c7ad69) Importer(2089858483,0ecaa5967403d082aa24f35e1b516d23) Generated GUIDs only implemented for interfaces!
 -> (artifact id: '20069af7616f60b1884f9ffb10535d95') in 0.027338 seconds
Number of updated asset objects reloaded before import = 0
Number of asset objects unloaded after import = 1
========================================================================
Received Import Request.
  Time since last request: 0.000033 seconds.
  path: Assets/StudioBillion/House Interior/Materials/GRY.012.mat
  artifactKey: Guid(c94abe098180b0f499ce4e370ee7acac) Importer(2089858483,0ecaa5967403d082aa24f35e1b516d23)
Start importing Assets/StudioBillion/House Interior/Materials/GRY.012.mat using Guid(c94abe098180b0f499ce4e370ee7acac) Importer(2089858483,0ecaa5967403d082aa24f35e1b516d23) Generated GUIDs only implemented for interfaces!
 -> (artifact id: '699dca50cb68a9d77cc587d275f9ff07') in 0.027322 seconds
Number of updated asset objects reloaded before import = 0
Number of asset objects unloaded after import = 1
========================================================================
Received Import Request.
  Time since last request: 0.000034 seconds.
  path: Assets/StudioBillion/House Interior/Prefabs/Carpet 002.prefab
  artifactKey: Guid(f1a5b02ce6c71e04dbe90426b072b4d3) Importer(2089858483,0ecaa5967403d082aa24f35e1b516d23)
Start importing Assets/StudioBillion/House Interior/Prefabs/Carpet 002.prefab using Guid(f1a5b02ce6c71e04dbe90426b072b4d3) Importer(2089858483,0ecaa5967403d082aa24f35e1b516d23) Generated GUIDs only implemented for interfaces!
 -> (artifact id: 'cb403a566cfe506e77b28c9dc6e013dd') in 0.026083 seconds
Number of updated asset objects reloaded before import = 0
Number of asset objects unloaded after import = 7
========================================================================
Received Import Request.
  Time since last request: 0.000025 seconds.
  path: Assets/StudioBillion/House Interior/Prefabs/Towel.prefab
  artifactKey: Guid(10a6bc1f9fa8e1545a0996baaa9c5040) Importer(2089858483,0ecaa5967403d082aa24f35e1b516d23)
Start importing Assets/StudioBillion/House Interior/Prefabs/Towel.prefab using Guid(10a6bc1f9fa8e1545a0996baaa9c5040) Importer(2089858483,0ecaa5967403d082aa24f35e1b516d23) Generated GUIDs only implemented for interfaces!
 -> (artifact id: 'b69a83ae9a7ee87a3b8e4fc684734cf9') in 0.028048 seconds
Number of updated asset objects reloaded before import = 0
Number of asset objects unloaded after import = 7
========================================================================
Received Import Request.
  Time since last request: 0.000034 seconds.
  path: Assets/StudioBillion/House Interior/Prefabs/Bath Carpet.prefab
  artifactKey: Guid(1d50da95a25cec546bc4074349969f46) Importer(2089858483,0ecaa5967403d082aa24f35e1b516d23)
Start importing Assets/StudioBillion/House Interior/Prefabs/Bath Carpet.prefab using Guid(1d50da95a25cec546bc4074349969f46) Importer(2089858483,0ecaa5967403d082aa24f35e1b516d23) Generated GUIDs only implemented for interfaces!
 -> (artifact id: 'f82e540792e04e800b5962484b3e8b15') in 0.022025 seconds
Number of updated asset objects reloaded before import = 0
Number of asset objects unloaded after import = 7
========================================================================
Received Import Request.
  Time since last request: 0.000103 seconds.
  path: Assets/StudioBillion/House Interior/Materials/Material.003.mat
  artifactKey: Guid(f36b163214269db46acd7697dcd09f83) Importer(2089858483,0ecaa5967403d082aa24f35e1b516d23)
Start importing Assets/StudioBillion/House Interior/Materials/Material.003.mat using Guid(f36b163214269db46acd7697dcd09f83) Importer(2089858483,0ecaa5967403d082aa24f35e1b516d23) Generated GUIDs only implemented for interfaces!
 -> (artifact id: '9ef02cee26f6c2d4b5dace1c0ed419dd') in 0.017585 seconds
Number of updated asset objects reloaded before import = 0
Number of asset objects unloaded after import = 1
========================================================================
Received Import Request.
  Time since last request: 0.000027 seconds.
  path: Assets/StudioBillion/House Interior/Prefabs/Washer.prefab
  artifactKey: Guid(f0d11665f5b6e4e4f9262a51b4b2cd2a) Importer(2089858483,0ecaa5967403d082aa24f35e1b516d23)
Start importing Assets/StudioBillion/House Interior/Prefabs/Washer.prefab using Guid(f0d11665f5b6e4e4f9262a51b4b2cd2a) Importer(2089858483,0ecaa5967403d082aa24f35e1b516d23) Generated GUIDs only implemented for interfaces!
 -> (artifact id: 'dcc07608aceb186b801f182db1216e00') in 0.020817 seconds
Number of updated asset objects reloaded before import = 0
Number of asset objects unloaded after import = 7
========================================================================
Received Import Request.
  Time since last request: 0.000021 seconds.
  path: Assets/StudioBillion/House Interior/Prefabs/Bed.prefab
  artifactKey: Guid(c78b068d06d936540835ce2788ae7bcd) Importer(2089858483,0ecaa5967403d082aa24f35e1b516d23)
Start importing Assets/StudioBillion/House Interior/Prefabs/Bed.prefab using Guid(c78b068d06d936540835ce2788ae7bcd) Importer(2089858483,0ecaa5967403d082aa24f35e1b516d23) Generated GUIDs only implemented for interfaces!
 -> (artifact id: '0a4bf4eeccc084f92c4d0868852f3d4e') in 0.018535 seconds
Number of updated asset objects reloaded before import = 0
Number of asset objects unloaded after import = 37
========================================================================
Received Import Request.
  Time since last request: 0.000030 seconds.
  path: Assets/StudioBillion/House Interior/Models
  artifactKey: Guid(0c119f26db6336c459c783a22356f989) Importer(2089858483,0ecaa5967403d082aa24f35e1b516d23)
Start importing Assets/StudioBillion/House Interior/Models using Guid(0c119f26db6336c459c783a22356f989) Importer(2089858483,0ecaa5967403d082aa24f35e1b516d23) Generated GUIDs only implemented for interfaces!
 -> (artifact id: 'c61ccd7a67922b9b57351182be4ec357') in 0.015160 seconds
Number of updated asset objects reloaded before import = 0
Number of asset objects unloaded after import = 1
========================================================================
Received Import Request.
  Time since last request: 0.000066 seconds.
  path: Assets/StudioBillion/House Interior/Materials/Material.019.mat
  artifactKey: Guid(d1e41637b64e2a241a8b38ff7493cf67) Importer(2089858483,0ecaa5967403d082aa24f35e1b516d23)
Start importing Assets/StudioBillion/House Interior/Materials/Material.019.mat using Guid(d1e41637b64e2a241a8b38ff7493cf67) Importer(2089858483,0ecaa5967403d082aa24f35e1b516d23) Generated GUIDs only implemented for interfaces!
 -> (artifact id: 'e21fb6431e52a7ec4fb5135bd227dce5') in 0.016288 seconds
Number of updated asset objects reloaded before import = 0
Number of asset objects unloaded after import = 1
========================================================================
Received Import Request.
  Time since last request: 0.000019 seconds.
  path: Assets/StudioBillion/House Interior/Materials/laptop_gray1.mat
  artifactKey: Guid(d54cecfdaba837c42a1b7a7dbffcbb27) Importer(2089858483,0ecaa5967403d082aa24f35e1b516d23)
Start importing Assets/StudioBillion/House Interior/Materials/laptop_gray1.mat using Guid(d54cecfdaba837c42a1b7a7dbffcbb27) Importer(2089858483,0ecaa5967403d082aa24f35e1b516d23) Generated GUIDs only implemented for interfaces!
 -> (artifact id: '6fe4190e0f4799131bd9a497345b1358') in 0.016953 seconds
Number of updated asset objects reloaded before import = 0
Number of asset objects unloaded after import = 1
========================================================================
Received Import Request.
  Time since last request: 0.000022 seconds.
  path: Assets/StudioBillion/House Interior/Materials/WHT.mat
  artifactKey: Guid(7862d42029d8a9c4387ffbbb09dca4c0) Importer(2089858483,0ecaa5967403d082aa24f35e1b516d23)
Start importing Assets/StudioBillion/House Interior/Materials/WHT.mat using Guid(7862d42029d8a9c4387ffbbb09dca4c0) Importer(2089858483,0ecaa5967403d082aa24f35e1b516d23) Generated GUIDs only implemented for interfaces!
 -> (artifact id: 'd26f0b509ee945dbd661319f9093a85d') in 0.017676 seconds
Number of updated asset objects reloaded before import = 0
Number of asset objects unloaded after import = 1
========================================================================
Received Import Request.
  Time since last request: 0.000022 seconds.
  path: Assets/StudioBillion/House Interior/Materials/Material.014.mat
  artifactKey: Guid(86a833987bc215842ab03503dfc9db34) Importer(2089858483,0ecaa5967403d082aa24f35e1b516d23)
Start importing Assets/StudioBillion/House Interior/Materials/Material.014.mat using Guid(86a833987bc215842ab03503dfc9db34) Importer(2089858483,0ecaa5967403d082aa24f35e1b516d23) Generated GUIDs only implemented for interfaces!
 -> (artifact id: '360044063ee12287182bf07d6d49d68f') in 0.016822 seconds
Number of updated asset objects reloaded before import = 0
Number of asset objects unloaded after import = 1
========================================================================
Received Import Request.
  Time since last request: 0.000023 seconds.
  path: Assets/StudioBillion/House Interior/Materials/Material.009.mat
  artifactKey: Guid(d417dd672dd2eee4f971dd34bffe8b55) Importer(2089858483,0ecaa5967403d082aa24f35e1b516d23)
Start importing Assets/StudioBillion/House Interior/Materials/Material.009.mat using Guid(d417dd672dd2eee4f971dd34bffe8b55) Importer(2089858483,0ecaa5967403d082aa24f35e1b516d23) Generated GUIDs only implemented for interfaces!
 -> (artifact id: 'dffdc032ea603cecf7dbdb8e67796d97') in 0.016756 seconds
Number of updated asset objects reloaded before import = 0
Number of asset objects unloaded after import = 1
========================================================================
Received Import Request.
  Time since last request: 0.000065 seconds.
  path: Assets/StudioBillion/House Interior/Materials/washer_white.mat
  artifactKey: Guid(427a2390fc65d3843973cec504ec52c2) Importer(2089858483,0ecaa5967403d082aa24f35e1b516d23)
Start importing Assets/StudioBillion/House Interior/Materials/washer_white.mat using Guid(427a2390fc65d3843973cec504ec52c2) Importer(2089858483,0ecaa5967403d082aa24f35e1b516d23) Generated GUIDs only implemented for interfaces!
 -> (artifact id: '229c1d33967000928a4a8dea31a69d9b') in 0.022284 seconds
Number of updated asset objects reloaded before import = 0
Number of asset objects unloaded after import = 1
========================================================================
Received Import Request.
  Time since last request: 0.000035 seconds.
  path: Assets/StudioBillion/House Interior/Materials/washer_gray2.mat
  artifactKey: Guid(576d2a3e1a4349343a142f062d1735bf) Importer(2089858483,0ecaa5967403d082aa24f35e1b516d23)
Start importing Assets/StudioBillion/House Interior/Materials/washer_gray2.mat using Guid(576d2a3e1a4349343a142f062d1735bf) Importer(2089858483,0ecaa5967403d082aa24f35e1b516d23) Generated GUIDs only implemented for interfaces!
 -> (artifact id: '254bc9a4c6145f74677708aa693de13c') in 0.019142 seconds
Number of updated asset objects reloaded before import = 0
Number of asset objects unloaded after import = 1
========================================================================
Received Import Request.
  Time since last request: 0.000028 seconds.
  path: Assets/StudioBillion
  artifactKey: Guid(65d501fe47bb8504b8eb24698cdfe6aa) Importer(2089858483,0ecaa5967403d082aa24f35e1b516d23)
Start importing Assets/StudioBillion using Guid(65d501fe47bb8504b8eb24698cdfe6aa) Importer(2089858483,0ecaa5967403d082aa24f35e1b516d23) Generated GUIDs only implemented for interfaces!
 -> (artifact id: '38faa031c5a84ca7197d9aac3dce3b96') in 0.018503 seconds
Number of updated asset objects reloaded before import = 0
Number of asset objects unloaded after import = 1
========================================================================
Received Import Request.
  Time since last request: 0.000037 seconds.
  path: Assets/StudioBillion/House Interior/Materials/drum1_red.mat
  artifactKey: Guid(524f2b25d17bd7a449dd16f74788bf32) Importer(2089858483,0ecaa5967403d082aa24f35e1b516d23)
Start importing Assets/StudioBillion/House Interior/Materials/drum1_red.mat using Guid(524f2b25d17bd7a449dd16f74788bf32) Importer(2089858483,0ecaa5967403d082aa24f35e1b516d23) Generated GUIDs only implemented for interfaces!
 -> (artifact id: '3e7ec930fcf9a23c4c7280c4369dff36') in 0.029144 seconds
Number of updated asset objects reloaded before import = 0
Number of asset objects unloaded after import = 1
